mode: set
github.com/rabbytesoftware/crowbar/api/internal/core/gateway/transports/socket.go:12.51,14.16 2 0
github.com/rabbytesoftware/crowbar/api/internal/core/gateway/transports/socket.go:14.16,16.17 2 0
github.com/rabbytesoftware/crowbar/api/internal/core/gateway/transports/socket.go:16.17,18.4 1 0
github.com/rabbytesoftware/crowbar/api/internal/core/gateway/transports/socket.go:19.3,20.48 2 0
github.com/rabbytesoftware/crowbar/api/internal/core/gateway/transports/socket.go:20.48,22.4 1 0
github.com/rabbytesoftware/crowbar/api/internal/core/gateway/transports/socket.go:23.3,23.47 1 0
github.com/rabbytesoftware/crowbar/api/internal/core/gateway/transports/socket.go:25.2,26.33 2 0
github.com/rabbytesoftware/crowbar/api/internal/core/gateway/transports/tcp.go:8.48,11.2 2 0
github.com/rabbytesoftware/crowbar/api/internal/core/gateway/gateway.go:11.45,12.9 1 1
github.com/rabbytesoftware/crowbar/api/internal/core/gateway/gateway.go:13.42,14.36 1 0
github.com/rabbytesoftware/crowbar/api/internal/core/gateway/gateway.go:15.41,16.33 1 1
github.com/rabbytesoftware/crowbar/api/internal/core/gateway/gateway.go:17.10,18.84 1 1
